{"C:\\React\\Assignments\\assign-two\\pokedex\\src\\App.js": {"path":"C:\\React\\Assignments\\assign-two\\pokedex\\src\\App.js","statementMap":{"0":{"start":{"line":14,"column":4},"end":{"line":14,"column":12}},"1":{"start":{"line":15,"column":4},"end":{"line":20,"column":6}},"2":{"start":{"line":24,"column":4},"end":{"line":29,"column":4}},"3":{"start":{"line":26,"column":9},"end":{"line":28,"column":11}},"4":{"start":{"line":33,"column":4},"end":{"line":40,"column":9}}},"fnMap":{"0":{"name":"(anonymous_0)","decl":{"start":{"line":13,"column":2},"end":{"line":13,"column":3}},"loc":{"start":{"line":13,"column":16},"end":{"line":21,"column":3}},"line":13},"1":{"name":"(anonymous_1)","decl":{"start":{"line":23,"column":2},"end":{"line":23,"column":3}},"loc":{"start":{"line":23,"column":22},"end":{"line":29,"column":5}},"line":23},"2":{"name":"(anonymous_2)","decl":{"start":{"line":24,"column":65},"end":{"line":24,"column":66}},"loc":{"start":{"line":24,"column":79},"end":{"line":29,"column":3}},"line":24},"3":{"name":"(anonymous_3)","decl":{"start":{"line":31,"column":2},"end":{"line":31,"column":3}},"loc":{"start":{"line":31,"column":11},"end":{"line":41,"column":9}},"line":31}},"branchMap":{},"s":{"0":1,"1":1,"2":1,"3":0,"4":1},"f":{"0":1,"1":1,"2":0,"3":1},"b":{},"_coverageSchema":"43e27e138ebf9cfc5966b082cf9a028302ed4184","hash":"73f8f4aa30644d50d6ae259caa73fb74b7f31b09"}
,"C:\\React\\Assignments\\assign-two\\pokedex\\src\\index.js": {"path":"C:\\React\\Assignments\\assign-two\\pokedex\\src\\index.js","statementMap":{"0":{"start":{"line":8,"column":0},"end":{"line":8,"column":75}},"1":{"start":{"line":13,"column":0},"end":{"line":13,"column":27}}},"fnMap":{},"branchMap":{},"s":{"0":0,"1":0},"f":{},"b":{},"hash":"29e604c1330b229db0b2eb5497873d52b108853f"}
,"C:\\React\\Assignments\\assign-two\\pokedex\\src\\components\\Footer\\Footer.js": {"path":"C:\\React\\Assignments\\assign-two\\pokedex\\src\\components\\Footer\\Footer.js","statementMap":{"0":{"start":{"line":7,"column":8},"end":{"line":9,"column":10}}},"fnMap":{"0":{"name":"(anonymous_0)","decl":{"start":{"line":6,"column":4},"end":{"line":6,"column":5}},"loc":{"start":{"line":6,"column":14},"end":{"line":10,"column":5}},"line":6}},"branchMap":{},"s":{"0":1},"f":{"0":1},"b":{},"_coverageSchema":"43e27e138ebf9cfc5966b082cf9a028302ed4184","hash":"f7a839836b87ceba2da8e91b20b9355e494ecbe3"}
,"C:\\React\\Assignments\\assign-two\\pokedex\\src\\components\\Header\\Header.js": {"path":"C:\\React\\Assignments\\assign-two\\pokedex\\src\\components\\Header\\Header.js","statementMap":{"0":{"start":{"line":6,"column":8},"end":{"line":10,"column":10}}},"fnMap":{"0":{"name":"(anonymous_0)","decl":{"start":{"line":5,"column":4},"end":{"line":5,"column":5}},"loc":{"start":{"line":5,"column":14},"end":{"line":11,"column":5}},"line":5}},"branchMap":{},"s":{"0":2},"f":{"0":2},"b":{},"_coverageSchema":"43e27e138ebf9cfc5966b082cf9a028302ed4184","hash":"8d1354a92519aa1fea8adb2431170903153e002e"}
,"C:\\React\\Assignments\\assign-two\\pokedex\\src\\components\\Loading\\Loading.js": {"path":"C:\\React\\Assignments\\assign-two\\pokedex\\src\\components\\Loading\\Loading.js","statementMap":{"0":{"start":{"line":6,"column":16},"end":{"line":12,"column":1}},"1":{"start":{"line":7,"column":4},"end":{"line":11,"column":6}}},"fnMap":{"0":{"name":"(anonymous_0)","decl":{"start":{"line":6,"column":16},"end":{"line":6,"column":17}},"loc":{"start":{"line":6,"column":22},"end":{"line":12,"column":1}},"line":6}},"branchMap":{},"s":{"0":4,"1":2},"f":{"0":2},"b":{},"_coverageSchema":"43e27e138ebf9cfc5966b082cf9a028302ed4184","hash":"e685c6657809df149002c63bbe88bba45f8a6179"}
,"C:\\React\\Assignments\\assign-two\\pokedex\\src\\components\\Pokecard\\Pokecard.js": {"path":"C:\\React\\Assignments\\assign-two\\pokedex\\src\\components\\Pokecard\\Pokecard.js","statementMap":{"0":{"start":{"line":9,"column":8},"end":{"line":9,"column":21}},"1":{"start":{"line":10,"column":8},"end":{"line":17,"column":10}},"2":{"start":{"line":23,"column":30},"end":{"line":23,"column":40}},"3":{"start":{"line":25,"column":8},"end":{"line":46,"column":14}},"4":{"start":{"line":27,"column":33},"end":{"line":35,"column":20}},"5":{"start":{"line":28,"column":16},"end":{"line":28,"column":42}},"6":{"start":{"line":29,"column":16},"end":{"line":29,"column":43}},"7":{"start":{"line":30,"column":16},"end":{"line":34,"column":18}},"8":{"start":{"line":38,"column":36},"end":{"line":44,"column":23}},"9":{"start":{"line":39,"column":19},"end":{"line":39,"column":46}},"10":{"start":{"line":40,"column":19},"end":{"line":43,"column":21}},"11":{"start":{"line":53,"column":8},"end":{"line":65,"column":9}}},"fnMap":{"0":{"name":"(anonymous_0)","decl":{"start":{"line":8,"column":4},"end":{"line":8,"column":5}},"loc":{"start":{"line":8,"column":23},"end":{"line":19,"column":5}},"line":8},"1":{"name":"(anonymous_1)","decl":{"start":{"line":22,"column":4},"end":{"line":22,"column":5}},"loc":{"start":{"line":22,"column":24},"end":{"line":47,"column":8}},"line":22},"2":{"name":"(anonymous_2)","decl":{"start":{"line":25,"column":35},"end":{"line":25,"column":36}},"loc":{"start":{"line":25,"column":49},"end":{"line":37,"column":12}},"line":25},"3":{"name":"(anonymous_3)","decl":{"start":{"line":27,"column":44},"end":{"line":27,"column":45}},"loc":{"start":{"line":27,"column":49},"end":{"line":35,"column":13}},"line":27},"4":{"name":"(anonymous_4)","decl":{"start":{"line":37,"column":21},"end":{"line":37,"column":22}},"loc":{"start":{"line":37,"column":27},"end":{"line":46,"column":12}},"line":37},"5":{"name":"(anonymous_5)","decl":{"start":{"line":38,"column":47},"end":{"line":38,"column":48}},"loc":{"start":{"line":38,"column":52},"end":{"line":44,"column":16}},"line":38},"6":{"name":"(anonymous_6)","decl":{"start":{"line":51,"column":4},"end":{"line":51,"column":5}},"loc":{"start":{"line":51,"column":13},"end":{"line":66,"column":1}},"line":51}},"branchMap":{"0":{"loc":{"start":{"line":55,"column":9},"end":{"line":63,"column":9}},"type":"cond-expr","locations":[{"start":{"line":56,"column":11},"end":{"line":56,"column":21}},{"start":{"line":58,"column":9},"end":{"line":61,"column":18}}],"line":55}},"s":{"0":1,"1":1,"2":1,"3":1,"4":0,"5":0,"6":0,"7":0,"8":1,"9":0,"10":0,"11":1},"f":{"0":1,"1":1,"2":0,"3":0,"4":1,"5":0,"6":1},"b":{"0":[1,0]},"_coverageSchema":"43e27e138ebf9cfc5966b082cf9a028302ed4184","hash":"11c25be47b9533c63ec622321234898615ce903a"}
,"C:\\React\\Assignments\\assign-two\\pokedex\\src\\components\\Pokelist\\Pokelist.js": {"path":"C:\\React\\Assignments\\assign-two\\pokedex\\src\\components\\Pokelist\\Pokelist.js","statementMap":{"0":{"start":{"line":12,"column":8},"end":{"line":12,"column":16}},"1":{"start":{"line":13,"column":8},"end":{"line":19,"column":10}},"2":{"start":{"line":23,"column":8},"end":{"line":29,"column":6}},"3":{"start":{"line":25,"column":13},"end":{"line":27,"column":15}},"4":{"start":{"line":32,"column":25},"end":{"line":32,"column":35}},"5":{"start":{"line":35,"column":4},"end":{"line":56,"column":13}},"6":{"start":{"line":41,"column":16},"end":{"line":50,"column":18}}},"fnMap":{"0":{"name":"(anonymous_0)","decl":{"start":{"line":11,"column":4},"end":{"line":11,"column":5}},"loc":{"start":{"line":11,"column":18},"end":{"line":20,"column":5}},"line":11},"1":{"name":"(anonymous_1)","decl":{"start":{"line":22,"column":4},"end":{"line":22,"column":5}},"loc":{"start":{"line":22,"column":24},"end":{"line":29,"column":7}},"line":22},"2":{"name":"(anonymous_2)","decl":{"start":{"line":23,"column":70},"end":{"line":23,"column":71}},"loc":{"start":{"line":23,"column":84},"end":{"line":29,"column":5}},"line":23},"3":{"name":"(anonymous_3)","decl":{"start":{"line":31,"column":4},"end":{"line":31,"column":5}},"loc":{"start":{"line":31,"column":13},"end":{"line":57,"column":13}},"line":31},"4":{"name":"(anonymous_4)","decl":{"start":{"line":40,"column":22},"end":{"line":40,"column":23}},"loc":{"start":{"line":40,"column":32},"end":{"line":51,"column":13}},"line":40}},"branchMap":{},"s":{"0":2,"1":2,"2":2,"3":0,"4":2,"5":2,"6":0},"f":{"0":2,"1":2,"2":0,"3":2,"4":0},"b":{},"_coverageSchema":"43e27e138ebf9cfc5966b082cf9a028302ed4184","hash":"ccde60162f9d7ad5d9aa2ce93f1d88ff3f74186a"}
,"C:\\React\\Assignments\\assign-two\\pokedex\\src\\pages\\Profile\\Profile.js": {"path":"C:\\React\\Assignments\\assign-two\\pokedex\\src\\pages\\Profile\\Profile.js","statementMap":{"0":{"start":{"line":9,"column":8},"end":{"line":9,"column":16}},"1":{"start":{"line":10,"column":8},"end":{"line":28,"column":10}},"2":{"start":{"line":33,"column":27},"end":{"line":33,"column":50}},"3":{"start":{"line":35,"column":8},"end":{"line":92,"column":15}},"4":{"start":{"line":36,"column":33},"end":{"line":82,"column":20}},"5":{"start":{"line":38,"column":12},"end":{"line":38,"column":39}},"6":{"start":{"line":39,"column":81},"end":{"line":39,"column":83}},"7":{"start":{"line":41,"column":15},"end":{"line":62,"column":23}},"8":{"start":{"line":42,"column":19},"end":{"line":62,"column":20}},"9":{"start":{"line":44,"column":24},"end":{"line":44,"column":45}},"10":{"start":{"line":45,"column":24},"end":{"line":45,"column":30}},"11":{"start":{"line":47,"column":24},"end":{"line":47,"column":49}},"12":{"start":{"line":48,"column":24},"end":{"line":48,"column":30}},"13":{"start":{"line":50,"column":24},"end":{"line":50,"column":50}},"14":{"start":{"line":51,"column":24},"end":{"line":51,"column":30}},"15":{"start":{"line":53,"column":24},"end":{"line":53,"column":48}},"16":{"start":{"line":54,"column":24},"end":{"line":54,"column":30}},"17":{"start":{"line":56,"column":24},"end":{"line":56,"column":56}},"18":{"start":{"line":57,"column":24},"end":{"line":57,"column":30}},"19":{"start":{"line":59,"column":24},"end":{"line":59,"column":57}},"20":{"start":{"line":60,"column":24},"end":{"line":60,"column":30}},"21":{"start":{"line":65,"column":19},"end":{"line":81,"column":18}},"22":{"start":{"line":70,"column":59},"end":{"line":70,"column":73}},"23":{"start":{"line":79,"column":70},"end":{"line":79,"column":90}},"24":{"start":{"line":84,"column":37},"end":{"line":90,"column":24}},"25":{"start":{"line":85,"column":20},"end":{"line":85,"column":47}},"26":{"start":{"line":86,"column":20},"end":{"line":89,"column":22}},"27":{"start":{"line":97,"column":69},"end":{"line":97,"column":79}},"28":{"start":{"line":98,"column":4},"end":{"line":127,"column":5}},"29":{"start":{"line":111,"column":47},"end":{"line":111,"column":98}},"30":{"start":{"line":112,"column":50},"end":{"line":112,"column":107}}},"fnMap":{"0":{"name":"(anonymous_0)","decl":{"start":{"line":8,"column":4},"end":{"line":8,"column":5}},"loc":{"start":{"line":8,"column":18},"end":{"line":30,"column":5}},"line":8},"1":{"name":"(anonymous_1)","decl":{"start":{"line":32,"column":4},"end":{"line":32,"column":5}},"loc":{"start":{"line":32,"column":25},"end":{"line":93,"column":9}},"line":32},"2":{"name":"(anonymous_2)","decl":{"start":{"line":35,"column":70},"end":{"line":35,"column":71}},"loc":{"start":{"line":35,"column":84},"end":{"line":83,"column":13}},"line":35},"3":{"name":"(anonymous_3)","decl":{"start":{"line":36,"column":44},"end":{"line":36,"column":45}},"loc":{"start":{"line":36,"column":49},"end":{"line":82,"column":13}},"line":36},"4":{"name":"(anonymous_4)","decl":{"start":{"line":41,"column":39},"end":{"line":41,"column":40}},"loc":{"start":{"line":41,"column":45},"end":{"line":62,"column":21}},"line":41},"5":{"name":"(anonymous_5)","decl":{"start":{"line":70,"column":51},"end":{"line":70,"column":52}},"loc":{"start":{"line":70,"column":59},"end":{"line":70,"column":73}},"line":70},"6":{"name":"(anonymous_6)","decl":{"start":{"line":79,"column":59},"end":{"line":79,"column":60}},"loc":{"start":{"line":79,"column":70},"end":{"line":79,"column":90}},"line":79},"7":{"name":"(anonymous_7)","decl":{"start":{"line":83,"column":22},"end":{"line":83,"column":23}},"loc":{"start":{"line":83,"column":28},"end":{"line":92,"column":13}},"line":83},"8":{"name":"(anonymous_8)","decl":{"start":{"line":84,"column":48},"end":{"line":84,"column":49}},"loc":{"start":{"line":84,"column":53},"end":{"line":90,"column":17}},"line":84},"9":{"name":"(anonymous_9)","decl":{"start":{"line":96,"column":4},"end":{"line":96,"column":5}},"loc":{"start":{"line":96,"column":13},"end":{"line":128,"column":1}},"line":96},"10":{"name":"(anonymous_10)","decl":{"start":{"line":111,"column":39},"end":{"line":111,"column":40}},"loc":{"start":{"line":111,"column":47},"end":{"line":111,"column":98}},"line":111},"11":{"name":"(anonymous_11)","decl":{"start":{"line":112,"column":39},"end":{"line":112,"column":40}},"loc":{"start":{"line":112,"column":50},"end":{"line":112,"column":107}},"line":112}},"branchMap":{"0":{"loc":{"start":{"line":42,"column":19},"end":{"line":62,"column":20}},"type":"switch","locations":[{"start":{"line":43,"column":24},"end":{"line":45,"column":30}},{"start":{"line":46,"column":24},"end":{"line":48,"column":30}},{"start":{"line":49,"column":24},"end":{"line":51,"column":30}},{"start":{"line":52,"column":24},"end":{"line":54,"column":30}},{"start":{"line":55,"column":24},"end":{"line":57,"column":30}},{"start":{"line":58,"column":24},"end":{"line":60,"column":30}},{"start":{"line":61,"column":24},"end":{"line":61,"column":32}}],"line":42},"1":{"loc":{"start":{"line":100,"column":9},"end":{"line":125,"column":12}},"type":"cond-expr","locations":[{"start":{"line":101,"column":11},"end":{"line":101,"column":21}},{"start":{"line":104,"column":8},"end":{"line":124,"column":14}}],"line":100}},"s":{"0":2,"1":2,"2":1,"3":0,"4":0,"5":0,"6":0,"7":0,"8":0,"9":0,"10":0,"11":0,"12":0,"13":0,"14":0,"15":0,"16":0,"17":0,"18":0,"19":0,"20":0,"21":0,"22":0,"23":0,"24":0,"25":0,"26":0,"27":2,"28":2,"29":0,"30":0},"f":{"0":2,"1":1,"2":0,"3":0,"4":0,"5":0,"6":0,"7":0,"8":0,"9":2,"10":0,"11":0},"b":{"0":[0,0,0,0,0,0,0],"1":[2,0]},"_coverageSchema":"43e27e138ebf9cfc5966b082cf9a028302ed4184","hash":"c3603665500be4ee5eecd833455170c31b95bae6"}
}
